2025-05-05 16:11:08 - Début de la sauvegarde
2025-05-05 16:11:08 - Données reçues: Utilisateur=1, Défi=14, Étape=1
2025-05-05 16:11:08 - Connexion à la base de données établie
2025-05-05 16:11:08 - Étape précédente: 0, Nouvelle étape: 1
2025-05-05 16:11:08 - Points gagnés pour l'étape: 10
2025-05-05 16:11:08 - Mise à jour des points: Succès
2025-05-05 16:11:08 - Mise à jour étape: Succès pour utilisateur 1, défi 14, étape 1
2025-05-05 16:11:08 - Vérification des lignes affectées: 1
2025-05-05 16:11:08 - Sauvegarde terminée avec succès
2025-05-05 16:11:11 - Début de la sauvegarde
2025-05-05 16:11:11 - Données reçues: Utilisateur=1, Défi=14, Étape=2
2025-05-05 16:11:11 - Connexion à la base de données établie
2025-05-05 16:11:11 - Étape précédente: 1, Nouvelle étape: 2
2025-05-05 16:11:11 - Points gagnés pour l'étape: 20
2025-05-05 16:11:11 - Mise à jour des points: Succès
2025-05-05 16:11:11 - Mise à jour étape: Succès pour utilisateur 1, défi 14, étape 2
2025-05-05 16:11:11 - Vérification des lignes affectées: 1
2025-05-05 16:11:11 - Sauvegarde terminée avec succès
2025-05-05 16:11:16 - Début de la sauvegarde
2025-05-05 16:11:16 - Données reçues: Utilisateur=1, Défi=14, Étape=3
2025-05-05 16:11:16 - Connexion à la base de données établie
2025-05-05 16:11:16 - Étape précédente: 2, Nouvelle étape: 3
2025-05-05 16:11:16 - Points gagnés pour l'étape: 20
2025-05-05 16:11:16 - Mise à jour des points: Succès
2025-05-05 16:11:16 - Mise à jour étape: Succès pour utilisateur 1, défi 14, étape 3
2025-05-05 16:11:16 - Vérification des lignes affectées: 1
2025-05-05 16:11:16 - Sauvegarde terminée avec succès
2025-05-05 16:11:20 - Début de la sauvegarde
2025-05-05 16:11:20 - Données reçues: Utilisateur=1, Défi=14, Étape=4
2025-05-05 16:11:20 - Connexion à la base de données établie
2025-05-05 16:11:20 - Étape précédente: 3, Nouvelle étape: 4
2025-05-05 16:11:20 - Points supplémentaires pour fin du défi: 50
2025-05-05 16:11:20 - Mise à jour des points: Succès
2025-05-05 16:11:20 - Mise à jour étape: Succès pour utilisateur 1, défi 14, étape 4
2025-05-05 16:11:20 - Vérification des lignes affectées: 1
2025-05-05 16:11:20 - Erreur PDO: SQLSTATE[42S02]: Base table or view not found: 1146 Table 'gestion_defis.participation' doesn't exist
2025-05-05 16:19:19 - Début de la sauvegarde
2025-05-05 16:19:19 - Données reçues: Utilisateur=1, Défi=11, Étape=1
2025-05-05 16:19:19 - Connexion à la base de données établie
2025-05-05 16:19:19 - Erreur: L'utilisateur ne participe pas à ce défi
2025-05-05 16:19:25 - Début de la sauvegarde
2025-05-05 16:19:25 - Données reçues: Utilisateur=1, Défi=11, Étape=2
2025-05-05 16:19:25 - Connexion à la base de données établie
2025-05-05 16:19:25 - Erreur: L'utilisateur ne participe pas à ce défi
2025-05-05 16:19:32 - Début de la sauvegarde
2025-05-05 16:19:32 - Données reçues: Utilisateur=1, Défi=11, Étape=1
2025-05-05 16:19:32 - Connexion à la base de données établie
2025-05-05 16:19:32 - Étape précédente: 0, Nouvelle étape: 1
2025-05-05 16:19:32 - Points gagnés pour l'étape: 10
2025-05-05 16:19:32 - Mise à jour des points: Succès
2025-05-05 16:19:32 - Mise à jour étape: Succès pour utilisateur 1, défi 11, étape 1
2025-05-05 16:19:32 - Vérification des lignes affectées: 1
2025-05-05 16:19:32 - Sauvegarde terminée avec succès
2025-05-05 16:19:37 - Début de la sauvegarde
2025-05-05 16:19:37 - Données reçues: Utilisateur=1, Défi=11, Étape=2
2025-05-05 16:19:37 - Connexion à la base de données établie
2025-05-05 16:19:37 - Étape précédente: 1, Nouvelle étape: 2
2025-05-05 16:19:37 - Points gagnés pour l'étape: 10
2025-05-05 16:19:37 - Mise à jour des points: Succès
2025-05-05 16:19:37 - Mise à jour étape: Succès pour utilisateur 1, défi 11, étape 2
2025-05-05 16:19:37 - Vérification des lignes affectées: 1
2025-05-05 16:19:37 - Sauvegarde terminée avec succès
2025-05-05 16:19:43 - Début de la sauvegarde
2025-05-05 16:19:43 - Données reçues: Utilisateur=1, Défi=11, Étape=3
2025-05-05 16:19:43 - Connexion à la base de données établie
2025-05-05 16:19:43 - Étape précédente: 2, Nouvelle étape: 3
2025-05-05 16:19:43 - Points supplémentaires pour fin du défi: 200
2025-05-05 16:19:43 - Mise à jour des points: Succès
2025-05-05 16:19:43 - Mise à jour étape: Succès pour utilisateur 1, défi 11, étape 3
2025-05-05 16:19:43 - Vérification des lignes affectées: 1
2025-05-05 16:19:43 - Erreur PDO: SQLSTATE[42S02]: Base table or view not found: 1146 Table 'gestion_defis.participation' doesn't exist
2025-05-05 16:23:35 - Début de la sauvegarde
2025-05-05 16:23:35 - Données reçues: Utilisateur=1, Défi=14, Étape=1
2025-05-05 16:23:35 - Connexion à la base de données établie
2025-05-05 16:23:35 - Étape précédente: 0, Nouvelle étape: 1
2025-05-05 16:23:35 - Points gagnés pour l'étape: 10
2025-05-05 16:23:35 - Mise à jour des points: Succès
2025-05-05 16:23:35 - Mise à jour étape: Succès pour utilisateur 1, défi 14, étape 1
2025-05-05 16:23:35 - Vérification des lignes affectées: 1
2025-05-05 16:23:35 - Sauvegarde terminée avec succès
2025-05-05 16:23:43 - Début de la sauvegarde
2025-05-05 16:23:43 - Données reçues: Utilisateur=1, Défi=14, Étape=2
2025-05-05 16:23:43 - Connexion à la base de données établie
2025-05-05 16:23:43 - Étape précédente: 1, Nouvelle étape: 2
2025-05-05 16:23:43 - Points gagnés pour l'étape: 20
2025-05-05 16:23:43 - Mise à jour des points: Succès
2025-05-05 16:23:43 - Mise à jour étape: Succès pour utilisateur 1, défi 14, étape 2
2025-05-05 16:23:43 - Vérification des lignes affectées: 1
2025-05-05 16:23:43 - Sauvegarde terminée avec succès
2025-05-05 16:23:48 - Début de la sauvegarde
2025-05-05 16:23:48 - Données reçues: Utilisateur=1, Défi=14, Étape=3
2025-05-05 16:23:48 - Connexion à la base de données établie
2025-05-05 16:23:48 - Étape précédente: 2, Nouvelle étape: 3
2025-05-05 16:23:48 - Points gagnés pour l'étape: 20
2025-05-05 16:23:48 - Mise à jour des points: Succès
2025-05-05 16:23:48 - Mise à jour étape: Succès pour utilisateur 1, défi 14, étape 3
2025-05-05 16:23:48 - Vérification des lignes affectées: 1
2025-05-05 16:23:48 - Sauvegarde terminée avec succès
2025-05-05 16:23:51 - Début de la sauvegarde
2025-05-05 16:23:51 - Données reçues: Utilisateur=1, Défi=14, Étape=4
2025-05-05 16:23:51 - Connexion à la base de données établie
2025-05-05 16:23:51 - Étape précédente: 3, Nouvelle étape: 4
2025-05-05 16:23:51 - Points supplémentaires pour fin du défi: 50
2025-05-05 16:23:51 - Mise à jour des points: Succès
2025-05-05 16:23:51 - Mise à jour étape: Succès pour utilisateur 1, défi 14, étape 4
2025-05-05 16:23:51 - Vérification des lignes affectées: 1
2025-05-05 16:23:51 - Erreur PDO: SQLSTATE[42S02]: Base table or view not found: 1146 Table 'gestion_defis.participation' doesn't exist
